{"E:\\Learn Folder\\dicoding\\forum-api\\src\\Applications\\security\\AuthTokenManager.js": {"path":"E:\\Learn Folder\\dicoding\\forum-api\\src\\Applications\\security\\AuthTokenManager.js","statementMap":{"0":{"start":{"line":3,"column":4},"end":{"line":3,"column":64}},"1":{"start":{"line":7,"column":4},"end":{"line":7,"column":64}},"2":{"start":{"line":11,"column":4},"end":{"line":11,"column":64}},"3":{"start":{"line":15,"column":4},"end":{"line":15,"column":64}},"4":{"start":{"line":19,"column":0},"end":{"line":19,"column":33}}},"fnMap":{"0":{"name":"(anonymous_0)","decl":{"start":{"line":2,"column":2},"end":{"line":2,"column":3}},"loc":{"start":{"line":2,"column":37},"end":{"line":4,"column":3}},"line":2},"1":{"name":"(anonymous_1)","decl":{"start":{"line":6,"column":2},"end":{"line":6,"column":3}},"loc":{"start":{"line":6,"column":38},"end":{"line":8,"column":3}},"line":6},"2":{"name":"(anonymous_2)","decl":{"start":{"line":10,"column":2},"end":{"line":10,"column":3}},"loc":{"start":{"line":10,"column":41},"end":{"line":12,"column":3}},"line":10},"3":{"name":"(anonymous_3)","decl":{"start":{"line":14,"column":2},"end":{"line":14,"column":3}},"loc":{"start":{"line":14,"column":35},"end":{"line":16,"column":3}},"line":14}},"branchMap":{},"s":{"0":0,"1":0,"2":0,"3":0,"4":4},"f":{"0":0,"1":0,"2":0,"3":0},"b":{},"_coverageSchema":"1a1c01bbd47fc00a2c39e90264f33305004495a9","hash":"350bc5d7a244570c9f343b79b40814e4592f7b70"}
,"E:\\Learn Folder\\dicoding\\forum-api\\src\\Applications\\use_case\\ThreadUseCase.js": {"path":"E:\\Learn Folder\\dicoding\\forum-api\\src\\Applications\\use_case\\ThreadUseCase.js","statementMap":{"0":{"start":{"line":1,"column":21},"end":{"line":1,"column":75}},"1":{"start":{"line":5,"column":4},"end":{"line":5,"column":45}},"2":{"start":{"line":9,"column":28},"end":{"line":9,"column":53}},"3":{"start":{"line":10,"column":26},"end":{"line":10,"column":88}},"4":{"start":{"line":12,"column":4},"end":{"line":12,"column":24}},"5":{"start":{"line":16,"column":0},"end":{"line":16,"column":30}}},"fnMap":{"0":{"name":"(anonymous_0)","decl":{"start":{"line":4,"column":2},"end":{"line":4,"column":3}},"loc":{"start":{"line":4,"column":36},"end":{"line":6,"column":3}},"line":4},"1":{"name":"(anonymous_1)","decl":{"start":{"line":8,"column":2},"end":{"line":8,"column":3}},"loc":{"start":{"line":8,"column":34},"end":{"line":13,"column":3}},"line":8}},"branchMap":{},"s":{"0":5,"1":2,"2":2,"3":2,"4":2,"5":5},"f":{"0":2,"1":2},"b":{},"_coverageSchema":"1a1c01bbd47fc00a2c39e90264f33305004495a9","hash":"54ff75d06cb3a215249ca90595a8b6f2335121d7"}
,"E:\\Learn Folder\\dicoding\\forum-api\\src\\Commons\\exceptions\\DomainErrorTranslator.js": {"path":"E:\\Learn Folder\\dicoding\\forum-api\\src\\Commons\\exceptions\\DomainErrorTranslator.js","statementMap":{"0":{"start":{"line":1,"column":23},"end":{"line":1,"column":50}},"1":{"start":{"line":3,"column":30},"end":{"line":7,"column":1}},"2":{"start":{"line":5,"column":4},"end":{"line":5,"column":68}},"3":{"start":{"line":9,"column":0},"end":{"line":29,"column":1}},"4":{"start":{"line":31,"column":0},"end":{"line":31,"column":38}}},"fnMap":{"0":{"name":"(anonymous_0)","decl":{"start":{"line":4,"column":2},"end":{"line":4,"column":3}},"loc":{"start":{"line":4,"column":19},"end":{"line":6,"column":3}},"line":4}},"branchMap":{"0":{"loc":{"start":{"line":5,"column":11},"end":{"line":5,"column":68}},"type":"binary-expr","locations":[{"start":{"line":5,"column":11},"end":{"line":5,"column":59}},{"start":{"line":5,"column":63},"end":{"line":5,"column":68}}],"line":5}},"s":{"0":5,"1":5,"2":38,"3":5,"4":5},"f":{"0":38},"b":{"0":[38,9]},"_coverageSchema":"1a1c01bbd47fc00a2c39e90264f33305004495a9","hash":"5e4f2ba3a869a3a48d26682169e3e8b5ffd7d190"}
,"E:\\Learn Folder\\dicoding\\forum-api\\src\\Commons\\exceptions\\InvariantError.js": {"path":"E:\\Learn Folder\\dicoding\\forum-api\\src\\Commons\\exceptions\\InvariantError.js","statementMap":{"0":{"start":{"line":1,"column":20},"end":{"line":1,"column":44}},"1":{"start":{"line":5,"column":4},"end":{"line":5,"column":23}},"2":{"start":{"line":7,"column":4},"end":{"line":7,"column":32}},"3":{"start":{"line":11,"column":0},"end":{"line":11,"column":31}}},"fnMap":{"0":{"name":"(anonymous_0)","decl":{"start":{"line":4,"column":2},"end":{"line":4,"column":3}},"loc":{"start":{"line":4,"column":23},"end":{"line":8,"column":3}},"line":4}},"branchMap":{},"s":{"0":6,"1":97,"2":97,"3":6},"f":{"0":97},"b":{},"_coverageSchema":"1a1c01bbd47fc00a2c39e90264f33305004495a9","hash":"3858471ed97753a94a2c2280b15a4ee09e020931"}
,"E:\\Learn Folder\\dicoding\\forum-api\\src\\Domains\\threads\\ThreadRepository.js": {"path":"E:\\Learn Folder\\dicoding\\forum-api\\src\\Domains\\threads\\ThreadRepository.js","statementMap":{"0":{"start":{"line":3,"column":4},"end":{"line":3,"column":63}},"1":{"start":{"line":7,"column":0},"end":{"line":7,"column":33}}},"fnMap":{"0":{"name":"(anonymous_0)","decl":{"start":{"line":2,"column":2},"end":{"line":2,"column":3}},"loc":{"start":{"line":2,"column":27},"end":{"line":4,"column":3}},"line":2}},"branchMap":{},"s":{"0":1,"1":6},"f":{"0":1},"b":{},"_coverageSchema":"1a1c01bbd47fc00a2c39e90264f33305004495a9","hash":"18a21925bd0b3fda8ee7d5d0aa80c924b42b4dd0"}
,"E:\\Learn Folder\\dicoding\\forum-api\\src\\Domains\\threads\\entities\\CreateThread.js": {"path":"E:\\Learn Folder\\dicoding\\forum-api\\src\\Domains\\threads\\entities\\CreateThread.js","statementMap":{"0":{"start":{"line":3,"column":4},"end":{"line":3,"column":33}},"1":{"start":{"line":5,"column":4},"end":{"line":5,"column":30}},"2":{"start":{"line":6,"column":4},"end":{"line":6,"column":28}},"3":{"start":{"line":10,"column":4},"end":{"line":12,"column":5}},"4":{"start":{"line":11,"column":6},"end":{"line":11,"column":66}},"5":{"start":{"line":13,"column":4},"end":{"line":15,"column":5}},"6":{"start":{"line":14,"column":6},"end":{"line":14,"column":65}},"7":{"start":{"line":19,"column":0},"end":{"line":19,"column":29}}},"fnMap":{"0":{"name":"(anonymous_0)","decl":{"start":{"line":2,"column":2},"end":{"line":2,"column":3}},"loc":{"start":{"line":2,"column":23},"end":{"line":7,"column":3}},"line":2},"1":{"name":"(anonymous_1)","decl":{"start":{"line":9,"column":2},"end":{"line":9,"column":3}},"loc":{"start":{"line":9,"column":35},"end":{"line":16,"column":3}},"line":9}},"branchMap":{"0":{"loc":{"start":{"line":10,"column":4},"end":{"line":12,"column":5}},"type":"if","locations":[{"start":{"line":10,"column":4},"end":{"line":12,"column":5}},{"start":{},"end":{}}],"line":10},"1":{"loc":{"start":{"line":10,"column":8},"end":{"line":10,"column":23}},"type":"binary-expr","locations":[{"start":{"line":10,"column":8},"end":{"line":10,"column":14}},{"start":{"line":10,"column":18},"end":{"line":10,"column":23}}],"line":10},"2":{"loc":{"start":{"line":13,"column":4},"end":{"line":15,"column":5}},"type":"if","locations":[{"start":{"line":13,"column":4},"end":{"line":15,"column":5}},{"start":{},"end":{}}],"line":13},"3":{"loc":{"start":{"line":13,"column":8},"end":{"line":13,"column":61}},"type":"binary-expr","locations":[{"start":{"line":13,"column":8},"end":{"line":13,"column":33}},{"start":{"line":13,"column":37},"end":{"line":13,"column":61}}],"line":13}},"s":{"0":4,"1":2,"2":2,"3":4,"4":1,"5":3,"6":1,"7":5},"f":{"0":4,"1":4},"b":{"0":[1,3],"1":[4,4],"2":[1,2],"3":[3,2]},"_coverageSchema":"1a1c01bbd47fc00a2c39e90264f33305004495a9","hash":"51c416717831a4c8c43907de5c829015ce725a3b"}
,"E:\\Learn Folder\\dicoding\\forum-api\\src\\Domains\\threads\\entities\\CreatedThread.js": {"path":"E:\\Learn Folder\\dicoding\\forum-api\\src\\Domains\\threads\\entities\\CreatedThread.js","statementMap":{"0":{"start":{"line":3,"column":4},"end":{"line":3,"column":32}},"1":{"start":{"line":5,"column":4},"end":{"line":5,"column":24}},"2":{"start":{"line":6,"column":4},"end":{"line":6,"column":30}},"3":{"start":{"line":7,"column":4},"end":{"line":7,"column":30}},"4":{"start":{"line":11,"column":4},"end":{"line":13,"column":5}},"5":{"start":{"line":12,"column":6},"end":{"line":12,"column":67}},"6":{"start":{"line":14,"column":4},"end":{"line":16,"column":5}},"7":{"start":{"line":15,"column":6},"end":{"line":15,"column":66}},"8":{"start":{"line":20,"column":0},"end":{"line":20,"column":30}}},"fnMap":{"0":{"name":"(anonymous_0)","decl":{"start":{"line":2,"column":2},"end":{"line":2,"column":3}},"loc":{"start":{"line":2,"column":23},"end":{"line":8,"column":3}},"line":2},"1":{"name":"(anonymous_1)","decl":{"start":{"line":10,"column":2},"end":{"line":10,"column":3}},"loc":{"start":{"line":10,"column":39},"end":{"line":17,"column":3}},"line":10}},"branchMap":{"0":{"loc":{"start":{"line":11,"column":4},"end":{"line":13,"column":5}},"type":"if","locations":[{"start":{"line":11,"column":4},"end":{"line":13,"column":5}},{"start":{},"end":{}}],"line":11},"1":{"loc":{"start":{"line":11,"column":8},"end":{"line":11,"column":31}},"type":"binary-expr","locations":[{"start":{"line":11,"column":8},"end":{"line":11,"column":11}},{"start":{"line":11,"column":15},"end":{"line":11,"column":21}},{"start":{"line":11,"column":25},"end":{"line":11,"column":31}}],"line":11},"2":{"loc":{"start":{"line":14,"column":4},"end":{"line":16,"column":5}},"type":"if","locations":[{"start":{"line":14,"column":4},"end":{"line":16,"column":5}},{"start":{},"end":{}}],"line":14},"3":{"loc":{"start":{"line":14,"column":8},"end":{"line":14,"column":88}},"type":"binary-expr","locations":[{"start":{"line":14,"column":8},"end":{"line":14,"column":30}},{"start":{"line":14,"column":34},"end":{"line":14,"column":59}},{"start":{"line":14,"column":63},"end":{"line":14,"column":88}}],"line":14}},"s":{"0":8,"1":6,"2":6,"3":6,"4":8,"5":1,"6":7,"7":1,"8":7},"f":{"0":8,"1":8},"b":{"0":[1,7],"1":[8,8,8],"2":[1,6],"3":[7,7,6]},"_coverageSchema":"1a1c01bbd47fc00a2c39e90264f33305004495a9","hash":"1357ef3b820369239c12e1b3d33c5d0cdc4c53cb"}
,"E:\\Learn Folder\\dicoding\\forum-api\\src\\Infrastructures\\container.js": {"path":"E:\\Learn Folder\\dicoding\\forum-api\\src\\Infrastructures\\container.js","statementMap":{"0":{"start":{"line":3,"column":28},"end":{"line":3,"column":58}},"1":{"start":{"line":6,"column":12},"end":{"line":6,"column":32}},"2":{"start":{"line":7,"column":23},"end":{"line":7,"column":38}},"3":{"start":{"line":8,"column":15},"end":{"line":8,"column":32}},"4":{"start":{"line":9,"column":13},"end":{"line":9,"column":48}},"5":{"start":{"line":12,"column":31},"end":{"line":12,"column":86}},"6":{"start":{"line":13,"column":41},"end":{"line":13,"column":106}},"7":{"start":{"line":14,"column":33},"end":{"line":14,"column":90}},"8":{"start":{"line":15,"column":27},"end":{"line":15,"column":67}},"9":{"start":{"line":16,"column":17},"end":{"line":16,"column":47}},"10":{"start":{"line":19,"column":20},"end":{"line":19,"column":67}},"11":{"start":{"line":20,"column":23},"end":{"line":20,"column":65}},"12":{"start":{"line":21,"column":25},"end":{"line":21,"column":71}},"13":{"start":{"line":22,"column":30},"end":{"line":22,"column":87}},"14":{"start":{"line":23,"column":33},"end":{"line":23,"column":95}},"15":{"start":{"line":24,"column":21},"end":{"line":24,"column":69}},"16":{"start":{"line":25,"column":25},"end":{"line":25,"column":77}},"17":{"start":{"line":26,"column":22},"end":{"line":26,"column":71}},"18":{"start":{"line":28,"column":18},"end":{"line":28,"column":35}},"19":{"start":{"line":31,"column":0},"end":{"line":93,"column":2}},"20":{"start":{"line":96,"column":0},"end":{"line":152,"column":2}},"21":{"start":{"line":154,"column":0},"end":{"line":154,"column":26}}},"fnMap":{},"branchMap":{},"s":{"0":4,"1":4,"2":4,"3":4,"4":4,"5":4,"6":4,"7":4,"8":4,"9":4,"10":4,"11":4,"12":4,"13":4,"14":4,"15":4,"16":4,"17":4,"18":4,"19":4,"20":4,"21":4},"f":{},"b":{},"_coverageSchema":"1a1c01bbd47fc00a2c39e90264f33305004495a9","hash":"b655a3338cd17f7f253aea0002f8014827fdbac1"}
,"E:\\Learn Folder\\dicoding\\forum-api\\src\\Infrastructures\\http\\createServer.js": {"path":"E:\\Learn Folder\\dicoding\\forum-api\\src\\Infrastructures\\http\\createServer.js","statementMap":{"0":{"start":{"line":1,"column":13},"end":{"line":1,"column":34}},"1":{"start":{"line":2,"column":12},"end":{"line":2,"column":32}},"2":{"start":{"line":3,"column":20},"end":{"line":3,"column":62}},"3":{"start":{"line":4,"column":30},"end":{"line":4,"column":82}},"4":{"start":{"line":5,"column":22},"end":{"line":5,"column":66}},"5":{"start":{"line":7,"column":21},"end":{"line":56,"column":1}},"6":{"start":{"line":8,"column":17},"end":{"line":11,"column":4}},"7":{"start":{"line":13,"column":2},"end":{"line":13,"column":28}},"8":{"start":{"line":15,"column":2},"end":{"line":32,"column":4}},"9":{"start":{"line":25,"column":42},"end":{"line":31,"column":5}},"10":{"start":{"line":34,"column":2},"end":{"line":53,"column":4}},"11":{"start":{"line":55,"column":2},"end":{"line":55,"column":15}},"12":{"start":{"line":58,"column":0},"end":{"line":58,"column":29}}},"fnMap":{"0":{"name":"(anonymous_0)","decl":{"start":{"line":7,"column":21},"end":{"line":7,"column":22}},"loc":{"start":{"line":7,"column":42},"end":{"line":56,"column":1}},"line":7},"1":{"name":"(anonymous_1)","decl":{"start":{"line":25,"column":14},"end":{"line":25,"column":15}},"loc":{"start":{"line":25,"column":42},"end":{"line":31,"column":5}},"line":25}},"branchMap":{},"s":{"0":4,"1":4,"2":4,"3":4,"4":4,"5":4,"6":26,"7":26,"8":26,"9":1,"10":26,"11":26,"12":4},"f":{"0":26,"1":1},"b":{},"_coverageSchema":"1a1c01bbd47fc00a2c39e90264f33305004495a9","hash":"76f5d17e1fb9d1ebcc9fe9da37da5949898c356f"}
,"E:\\Learn Folder\\dicoding\\forum-api\\src\\Infrastructures\\repository\\postgres\\ThreadRepositoryPostgres.js": {"path":"E:\\Learn Folder\\dicoding\\forum-api\\src\\Infrastructures\\repository\\postgres\\ThreadRepositoryPostgres.js","statementMap":{"0":{"start":{"line":1,"column":22},"end":{"line":1,"column":80}},"1":{"start":{"line":5,"column":4},"end":{"line":5,"column":21}},"2":{"start":{"line":6,"column":4},"end":{"line":6,"column":35}},"3":{"start":{"line":10,"column":15},"end":{"line":10,"column":34}},"4":{"start":{"line":11,"column":22},"end":{"line":11,"column":46}},"5":{"start":{"line":12,"column":22},"end":{"line":12,"column":46}},"6":{"start":{"line":14,"column":18},"end":{"line":17,"column":5}},"7":{"start":{"line":19,"column":19},"end":{"line":19,"column":48}},"8":{"start":{"line":21,"column":4},"end":{"line":21,"column":51}},"9":{"start":{"line":25,"column":0},"end":{"line":25,"column":41}}},"fnMap":{"0":{"name":"(anonymous_0)","decl":{"start":{"line":4,"column":2},"end":{"line":4,"column":3}},"loc":{"start":{"line":4,"column":33},"end":{"line":7,"column":3}},"line":4},"1":{"name":"(anonymous_1)","decl":{"start":{"line":9,"column":2},"end":{"line":9,"column":3}},"loc":{"start":{"line":9,"column":42},"end":{"line":22,"column":3}},"line":9}},"branchMap":{},"s":{"0":5,"1":2,"2":2,"3":2,"4":2,"5":2,"6":2,"7":2,"8":2,"9":5},"f":{"0":2,"1":2},"b":{},"_coverageSchema":"1a1c01bbd47fc00a2c39e90264f33305004495a9","hash":"b9a413e1cb2c3c6da0ca101388debac55d8e0f2f"}
,"E:\\Learn Folder\\dicoding\\forum-api\\src\\Interfaces\\http\\api\\threads\\handler.js": {"path":"E:\\Learn Folder\\dicoding\\forum-api\\src\\Interfaces\\http\\api\\threads\\handler.js","statementMap":{"0":{"start":{"line":1,"column":20},"end":{"line":1,"column":73}},"1":{"start":{"line":2,"column":30},"end":{"line":2,"column":93}},"2":{"start":{"line":3,"column":22},"end":{"line":3,"column":80}},"3":{"start":{"line":7,"column":4},"end":{"line":7,"column":31}},"4":{"start":{"line":9,"column":4},"end":{"line":9,"column":62}},"5":{"start":{"line":13,"column":4},"end":{"line":37,"column":5}},"6":{"start":{"line":14,"column":25},"end":{"line":14,"column":49}},"7":{"start":{"line":15,"column":28},"end":{"line":15,"column":75}},"8":{"start":{"line":16,"column":26},"end":{"line":16,"column":80}},"9":{"start":{"line":18,"column":6},"end":{"line":23,"column":18}},"10":{"start":{"line":25,"column":30},"end":{"line":25,"column":66}},"11":{"start":{"line":26,"column":6},"end":{"line":31,"column":7}},"12":{"start":{"line":27,"column":8},"end":{"line":30,"column":43}},"13":{"start":{"line":32,"column":6},"end":{"line":32,"column":22}},"14":{"start":{"line":33,"column":6},"end":{"line":36,"column":18}},"15":{"start":{"line":41,"column":0},"end":{"line":41,"column":31}}},"fnMap":{"0":{"name":"(anonymous_0)","decl":{"start":{"line":6,"column":2},"end":{"line":6,"column":3}},"loc":{"start":{"line":6,"column":25},"end":{"line":10,"column":3}},"line":6},"1":{"name":"(anonymous_1)","decl":{"start":{"line":12,"column":2},"end":{"line":12,"column":3}},"loc":{"start":{"line":12,"column":38},"end":{"line":38,"column":3}},"line":12}},"branchMap":{"0":{"loc":{"start":{"line":26,"column":6},"end":{"line":31,"column":7}},"type":"if","locations":[{"start":{"line":26,"column":6},"end":{"line":31,"column":7}},{"start":{},"end":{}}],"line":26}},"s":{"0":4,"1":4,"2":4,"3":26,"4":26,"5":1,"6":1,"7":1,"8":1,"9":1,"10":0,"11":0,"12":0,"13":0,"14":0,"15":4},"f":{"0":26,"1":1},"b":{"0":[0,0]},"_coverageSchema":"1a1c01bbd47fc00a2c39e90264f33305004495a9","hash":"405c360cc1c0f9c592b4c1b74abe6f3bf2c3d641"}
,"E:\\Learn Folder\\dicoding\\forum-api\\src\\Interfaces\\http\\api\\threads\\index.js": {"path":"E:\\Learn Folder\\dicoding\\forum-api\\src\\Interfaces\\http\\api\\threads\\index.js","statementMap":{"0":{"start":{"line":1,"column":15},"end":{"line":1,"column":34}},"1":{"start":{"line":2,"column":23},"end":{"line":2,"column":43}},"2":{"start":{"line":4,"column":22},"end":{"line":12,"column":1}},"3":{"start":{"line":8,"column":27},"end":{"line":8,"column":56}},"4":{"start":{"line":10,"column":4},"end":{"line":10,"column":40}},"5":{"start":{"line":14,"column":0},"end":{"line":14,"column":30}}},"fnMap":{"0":{"name":"(anonymous_0)","decl":{"start":{"line":7,"column":12},"end":{"line":7,"column":13}},"loc":{"start":{"line":7,"column":45},"end":{"line":11,"column":3}},"line":7}},"branchMap":{},"s":{"0":4,"1":4,"2":4,"3":26,"4":26,"5":4},"f":{"0":26},"b":{},"_coverageSchema":"1a1c01bbd47fc00a2c39e90264f33305004495a9","hash":"1e19429d4a5593f30673701972eb96bad751cc10"}
,"E:\\Learn Folder\\dicoding\\forum-api\\src\\Interfaces\\http\\api\\threads\\routes.js": {"path":"E:\\Learn Folder\\dicoding\\forum-api\\src\\Interfaces\\http\\api\\threads\\routes.js","statementMap":{"0":{"start":{"line":1,"column":15},"end":{"line":10,"column":1}},"1":{"start":{"line":1,"column":28},"end":{"line":10,"column":1}},"2":{"start":{"line":12,"column":0},"end":{"line":12,"column":23}}},"fnMap":{"0":{"name":"(anonymous_0)","decl":{"start":{"line":1,"column":15},"end":{"line":1,"column":16}},"loc":{"start":{"line":1,"column":28},"end":{"line":10,"column":1}},"line":1}},"branchMap":{},"s":{"0":4,"1":26,"2":4},"f":{"0":26},"b":{},"_coverageSchema":"1a1c01bbd47fc00a2c39e90264f33305004495a9","hash":"e0c43112c208ecbaf7cf48653c2e70b0b76a8052"}
,"E:\\Learn Folder\\dicoding\\forum-api\\tests\\database\\postgres\\AuthenticationsTableTestHelper.js": {"path":"E:\\Learn Folder\\dicoding\\forum-api\\tests\\database\\postgres\\AuthenticationsTableTestHelper.js","statementMap":{"0":{"start":{"line":3,"column":13},"end":{"line":3,"column":75}},"1":{"start":{"line":5,"column":39},"end":{"line":29,"column":1}},"2":{"start":{"line":7,"column":18},"end":{"line":10,"column":5}},"3":{"start":{"line":12,"column":4},"end":{"line":12,"column":27}},"4":{"start":{"line":16,"column":18},"end":{"line":19,"column":5}},"5":{"start":{"line":21,"column":19},"end":{"line":21,"column":42}},"6":{"start":{"line":23,"column":4},"end":{"line":23,"column":22}},"7":{"start":{"line":27,"column":4},"end":{"line":27,"column":51}},"8":{"start":{"line":31,"column":0},"end":{"line":31,"column":47}}},"fnMap":{"0":{"name":"(anonymous_0)","decl":{"start":{"line":6,"column":2},"end":{"line":6,"column":3}},"loc":{"start":{"line":6,"column":40},"end":{"line":13,"column":3}},"line":6},"1":{"name":"(anonymous_1)","decl":{"start":{"line":15,"column":2},"end":{"line":15,"column":3}},"loc":{"start":{"line":15,"column":41},"end":{"line":24,"column":3}},"line":15},"2":{"name":"(anonymous_2)","decl":{"start":{"line":26,"column":2},"end":{"line":26,"column":3}},"loc":{"start":{"line":26,"column":21},"end":{"line":28,"column":3}},"line":26}},"branchMap":{},"s":{"0":2,"1":2,"2":0,"3":0,"4":0,"5":0,"6":0,"7":19,"8":2},"f":{"0":0,"1":0,"2":19},"b":{},"_coverageSchema":"1a1c01bbd47fc00a2c39e90264f33305004495a9","hash":"1b2d2032bd2bd8578d7f5f6b9a4bef01577ac0cf"}
,"E:\\Learn Folder\\dicoding\\forum-api\\tests\\database\\postgres\\ThreadsTableTestHelper.js": {"path":"E:\\Learn Folder\\dicoding\\forum-api\\tests\\database\\postgres\\ThreadsTableTestHelper.js","statementMap":{"0":{"start":{"line":3,"column":13},"end":{"line":3,"column":75}},"1":{"start":{"line":4,"column":29},"end":{"line":4,"column":62}},"2":{"start":{"line":6,"column":31},"end":{"line":39,"column":1}},"3":{"start":{"line":13,"column":18},"end":{"line":13,"column":100}},"4":{"start":{"line":15,"column":18},"end":{"line":18,"column":5}},"5":{"start":{"line":20,"column":19},"end":{"line":20,"column":42}},"6":{"start":{"line":22,"column":4},"end":{"line":22,"column":25}},"7":{"start":{"line":26,"column":18},"end":{"line":29,"column":5}},"8":{"start":{"line":31,"column":19},"end":{"line":31,"column":42}},"9":{"start":{"line":33,"column":4},"end":{"line":33,"column":22}},"10":{"start":{"line":37,"column":4},"end":{"line":37,"column":43}},"11":{"start":{"line":41,"column":0},"end":{"line":41,"column":39}}},"fnMap":{"0":{"name":"(anonymous_0)","decl":{"start":{"line":7,"column":2},"end":{"line":7,"column":3}},"loc":{"start":{"line":11,"column":5},"end":{"line":23,"column":3}},"line":11},"1":{"name":"(anonymous_1)","decl":{"start":{"line":25,"column":2},"end":{"line":25,"column":3}},"loc":{"start":{"line":25,"column":21},"end":{"line":34,"column":3}},"line":25},"2":{"name":"(anonymous_2)","decl":{"start":{"line":36,"column":2},"end":{"line":36,"column":3}},"loc":{"start":{"line":36,"column":21},"end":{"line":38,"column":3}},"line":36}},"branchMap":{"0":{"loc":{"start":{"line":8,"column":4},"end":{"line":8,"column":47}},"type":"default-arg","locations":[{"start":{"line":8,"column":9},"end":{"line":8,"column":47}}],"line":8},"1":{"loc":{"start":{"line":9,"column":4},"end":{"line":9,"column":26}},"type":"default-arg","locations":[{"start":{"line":9,"column":12},"end":{"line":9,"column":26}}],"line":9},"2":{"loc":{"start":{"line":10,"column":4},"end":{"line":10,"column":24}},"type":"default-arg","locations":[{"start":{"line":10,"column":11},"end":{"line":10,"column":24}}],"line":10}},"s":{"0":2,"1":2,"2":2,"3":0,"4":0,"5":0,"6":0,"7":0,"8":0,"9":0,"10":4,"11":2},"f":{"0":0,"1":0,"2":4},"b":{"0":[0],"1":[0],"2":[0]},"_coverageSchema":"1a1c01bbd47fc00a2c39e90264f33305004495a9","hash":"7975a1f4bb6b3b29d29b60355a408807376f9508"}
}
