TN:
SF:src\Applications\security\AuthTokenManager.js
FN:2,(anonymous_0)
FN:6,(anonymous_1)
FN:10,(anonymous_2)
FN:14,(anonymous_3)
FNF:4
FNH:0
FNDA:0,(anonymous_0)
FNDA:0,(anonymous_1)
FNDA:0,(anonymous_2)
FNDA:0,(anonymous_3)
DA:3,0
DA:7,0
DA:11,0
DA:15,0
DA:19,4
LF:5
LH:1
BRF:0
BRH:0
end_of_record
TN:
SF:src\Applications\use_case\ThreadUseCase.js
FN:4,(anonymous_0)
FN:8,(anonymous_1)
FNF:2
FNH:2
FNDA:2,(anonymous_0)
FNDA:2,(anonymous_1)
DA:1,5
DA:5,2
DA:9,2
DA:10,2
DA:12,2
DA:16,5
LF:6
LH:6
BRF:0
BRH:0
end_of_record
TN:
SF:src\Commons\exceptions\DomainErrorTranslator.js
FN:4,(anonymous_0)
FNF:1
FNH:1
FNDA:38,(anonymous_0)
DA:1,5
DA:3,5
DA:5,38
DA:9,5
DA:31,5
LF:5
LH:5
BRDA:5,0,0,38
BRDA:5,0,1,9
BRF:2
BRH:2
end_of_record
TN:
SF:src\Commons\exceptions\InvariantError.js
FN:4,(anonymous_0)
FNF:1
FNH:1
FNDA:97,(anonymous_0)
DA:1,6
DA:5,97
DA:7,97
DA:11,6
LF:4
LH:4
BRF:0
BRH:0
end_of_record
TN:
SF:src\Domains\threads\ThreadRepository.js
FN:2,(anonymous_0)
FNF:1
FNH:1
FNDA:1,(anonymous_0)
DA:3,1
DA:7,6
LF:2
LH:2
BRF:0
BRH:0
end_of_record
TN:
SF:src\Domains\threads\entities\CreateThread.js
FN:2,(anonymous_0)
FN:9,(anonymous_1)
FNF:2
FNH:2
FNDA:4,(anonymous_0)
FNDA:4,(anonymous_1)
DA:3,4
DA:5,2
DA:6,2
DA:10,4
DA:11,1
DA:13,3
DA:14,1
DA:19,5
LF:8
LH:8
BRDA:10,0,0,1
BRDA:10,0,1,3
BRDA:10,1,0,4
BRDA:10,1,1,4
BRDA:13,2,0,1
BRDA:13,2,1,2
BRDA:13,3,0,3
BRDA:13,3,1,2
BRF:8
BRH:8
end_of_record
TN:
SF:src\Domains\threads\entities\CreatedThread.js
FN:2,(anonymous_0)
FN:10,(anonymous_1)
FNF:2
FNH:2
FNDA:8,(anonymous_0)
FNDA:8,(anonymous_1)
DA:3,8
DA:5,6
DA:6,6
DA:7,6
DA:11,8
DA:12,1
DA:14,7
DA:15,1
DA:20,7
LF:9
LH:9
BRDA:11,0,0,1
BRDA:11,0,1,7
BRDA:11,1,0,8
BRDA:11,1,1,8
BRDA:11,1,2,8
BRDA:14,2,0,1
BRDA:14,2,1,6
BRDA:14,3,0,7
BRDA:14,3,1,7
BRDA:14,3,2,6
BRF:10
BRH:10
end_of_record
TN:
SF:src\Infrastructures\container.js
FNF:0
FNH:0
DA:3,4
DA:6,4
DA:7,4
DA:8,4
DA:9,4
DA:12,4
DA:13,4
DA:14,4
DA:15,4
DA:16,4
DA:19,4
DA:20,4
DA:21,4
DA:22,4
DA:23,4
DA:24,4
DA:25,4
DA:26,4
DA:28,4
DA:31,4
DA:96,4
DA:154,4
LF:22
LH:22
BRF:0
BRH:0
end_of_record
TN:
SF:src\Infrastructures\http\createServer.js
FN:7,(anonymous_0)
FN:25,(anonymous_1)
FNF:2
FNH:2
FNDA:26,(anonymous_0)
FNDA:1,(anonymous_1)
DA:1,4
DA:2,4
DA:3,4
DA:4,4
DA:5,4
DA:7,4
DA:8,26
DA:13,26
DA:15,26
DA:25,1
DA:34,26
DA:55,26
DA:58,4
LF:13
LH:13
BRF:0
BRH:0
end_of_record
TN:
SF:src\Infrastructures\repository\postgres\ThreadRepositoryPostgres.js
FN:4,(anonymous_0)
FN:9,(anonymous_1)
FNF:2
FNH:2
FNDA:2,(anonymous_0)
FNDA:2,(anonymous_1)
DA:1,5
DA:5,2
DA:6,2
DA:10,2
DA:11,2
DA:12,2
DA:14,2
DA:19,2
DA:21,2
DA:25,5
LF:10
LH:10
BRF:0
BRH:0
end_of_record
TN:
SF:src\Interfaces\http\api\threads\handler.js
FN:6,(anonymous_0)
FN:12,(anonymous_1)
FNF:2
FNH:2
FNDA:26,(anonymous_0)
FNDA:1,(anonymous_1)
DA:1,4
DA:2,4
DA:3,4
DA:7,26
DA:9,26
DA:13,1
DA:14,1
DA:15,1
DA:16,1
DA:18,1
DA:25,0
DA:26,0
DA:27,0
DA:32,0
DA:33,0
DA:41,4
LF:16
LH:11
BRDA:26,0,0,0
BRDA:26,0,1,0
BRF:2
BRH:0
end_of_record
TN:
SF:src\Interfaces\http\api\threads\index.js
FN:7,(anonymous_0)
FNF:1
FNH:1
FNDA:26,(anonymous_0)
DA:1,4
DA:2,4
DA:4,4
DA:8,26
DA:10,26
DA:14,4
LF:6
LH:6
BRF:0
BRH:0
end_of_record
TN:
SF:src\Interfaces\http\api\threads\routes.js
FN:1,(anonymous_0)
FNF:1
FNH:1
FNDA:26,(anonymous_0)
DA:1,26
DA:12,4
LF:2
LH:2
BRF:0
BRH:0
end_of_record
TN:
SF:tests\database\postgres\AuthenticationsTableTestHelper.js
FN:6,(anonymous_0)
FN:15,(anonymous_1)
FN:26,(anonymous_2)
FNF:3
FNH:1
FNDA:0,(anonymous_0)
FNDA:0,(anonymous_1)
FNDA:19,(anonymous_2)
DA:3,2
DA:5,2
DA:7,0
DA:12,0
DA:16,0
DA:21,0
DA:23,0
DA:27,19
DA:31,2
LF:9
LH:4
BRF:0
BRH:0
end_of_record
TN:
SF:tests\database\postgres\ThreadsTableTestHelper.js
FN:7,(anonymous_0)
FN:25,(anonymous_1)
FN:36,(anonymous_2)
FNF:3
FNH:1
FNDA:0,(anonymous_0)
FNDA:0,(anonymous_1)
FNDA:4,(anonymous_2)
DA:3,2
DA:4,2
DA:6,2
DA:13,0
DA:15,0
DA:20,0
DA:22,0
DA:26,0
DA:31,0
DA:33,0
DA:37,4
DA:41,2
LF:12
LH:5
BRDA:8,0,0,0
BRDA:9,1,0,0
BRDA:10,2,0,0
BRF:3
BRH:0
end_of_record
